[NX Daemon Server] - 2024-09-06T14:33:19.605Z - Started listening on: \\.\pipe\nx\C:\Users\HP\AppData\Local\Temp\cfe964e6bb5a77999e9b\d.sock
[NX Daemon Server] - 2024-09-06T14:33:19.614Z - [WATCHER]: Subscribed to changes within: E:\Projects\Autospace (native)
[NX Daemon Server] - 2024-09-06T14:33:19.628Z - Established a connection. Number of open connections: 1
[NX Daemon Server] - 2024-09-06T14:33:19.631Z - Established a connection. Number of open connections: 2
[NX Daemon Server] - 2024-09-06T14:33:19.638Z - Closed a connection. Number of open connections: 1
[NX Daemon Server] - 2024-09-06T14:33:19.643Z - [REQUEST]: Client Request for Project Graph Received
[NX Daemon Server] - 2024-09-06T14:33:20.953Z - [REQUEST]: Updated workspace context based on watched changes, recomputing project graph...
[NX Daemon Server] - 2024-09-06T14:33:20.953Z - [REQUEST]: 
[NX Daemon Server] - 2024-09-06T14:33:20.954Z - [REQUEST]: 
[NX Daemon Server] - 2024-09-06T14:33:20.981Z - Time taken for 'loadNxPlugins' 1274.7272ms
[NX Daemon Server] - 2024-09-06T14:33:22.301Z - Time taken for 'build-project-configs' 1302.6374ms
[NX Daemon Server] - 2024-09-06T14:33:22.530Z - [SYNC]: collect registered sync generators
[NX Daemon Server] - 2024-09-06T14:33:22.570Z - [SYNC]: scheduling: []
[NX Daemon Server] - 2024-09-06T14:33:22.570Z - [REQUEST]: Responding to the client. project-graph
[NX Daemon Server] - 2024-09-06T14:33:22.572Z - Time taken for 'total for creating and serializing project graph' 2927.3406ms
[NX Daemon Server] - 2024-09-06T14:33:22.574Z - Done responding to the client project-graph
[NX Daemon Server] - 2024-09-06T14:33:22.575Z - Handled REQUEST_PROJECT_GRAPH. Handling time: 2927. Response time: 5.
[NX Daemon Server] - 2024-09-06T14:33:22.859Z - [REQUEST]: Responding to the client. handleHashTasks
[NX Daemon Server] - 2024-09-06T14:33:22.860Z - Done responding to the client handleHashTasks
[NX Daemon Server] - 2024-09-06T14:33:22.860Z - Handled HASH_TASKS. Handling time: 46. Response time: 1.
[NX Daemon Server] - 2024-09-06T14:33:51.932Z - [REQUEST]: Responding to the client. recordOutputsHash
[NX Daemon Server] - 2024-09-06T14:33:51.932Z - Done responding to the client recordOutputsHash
[NX Daemon Server] - 2024-09-06T14:33:51.932Z - Handled RECORD_OUTPUTS_HASH. Handling time: 3. Response time: 0.
[NX Daemon Server] - 2024-09-06T14:34:11.580Z - [WATCHER]: Processing file changes in outputs
[NX Daemon Server] - 2024-09-06T14:34:11.782Z - [REQUEST]: Responding to the client. recordOutputsHash
[NX Daemon Server] - 2024-09-06T14:34:11.782Z - Done responding to the client recordOutputsHash
[NX Daemon Server] - 2024-09-06T14:34:11.783Z - Handled RECORD_OUTPUTS_HASH. Handling time: 1. Response time: 1.
[NX Daemon Server] - 2024-09-06T14:34:17.738Z - [WATCHER]: Processing file changes in outputs
[NX Daemon Server] - 2024-09-06T14:34:17.853Z - [REQUEST]: Responding to the client. recordOutputsHash
[NX Daemon Server] - 2024-09-06T14:34:17.853Z - Done responding to the client recordOutputsHash
[NX Daemon Server] - 2024-09-06T14:34:17.853Z - Handled RECORD_OUTPUTS_HASH. Handling time: 1. Response time: 0.
[NX Daemon Server] - 2024-09-06T14:34:19.966Z - [REQUEST]: Responding to the client. PROCESS_IN_BACKGROUND
[NX Daemon Server] - 2024-09-06T14:34:19.967Z - Uploading file artifacts
[NX Daemon Server] - 2024-09-06T14:34:20.555Z - Done responding to the client PROCESS_IN_BACKGROUND
[NX Daemon Server] - 2024-09-06T14:34:20.556Z - Handled PROCESS_IN_BACKGROUND. Handling time: 1857. Response time: 590.
[NX Daemon Server] - 2024-09-06T14:34:20.565Z - Closed a connection. Number of open connections: 0
[NX Daemon Server] - 2024-09-06T14:34:22.728Z - Done uploading file artifacts
[NX Daemon Server] - 2024-09-06T14:34:22.729Z - Sending EndRun request
[NX Daemon Server] - 2024-09-06T14:34:23.133Z - Done sending EndRun request
[NX Daemon Server] - 2024-09-06T14:34:23.289Z - Established a connection. Number of open connections: 1
[NX Daemon Server] - 2024-09-06T14:34:23.291Z - Closed a connection. Number of open connections: 0
[NX Daemon Server] - 2024-09-06T14:34:23.293Z - Established a connection. Number of open connections: 1
[NX Daemon Server] - 2024-09-06T14:34:23.300Z - [REQUEST]: Client Request for Project Graph Received
[NX Daemon Server] - 2024-09-06T14:34:23.302Z - [REQUEST]: Responding to the client. project-graph
[NX Daemon Server] - 2024-09-06T14:34:23.305Z - Time taken for 'total for creating and serializing project graph' 1.7301000000006752ms
[NX Daemon Server] - 2024-09-06T14:34:23.306Z - Done responding to the client project-graph
[NX Daemon Server] - 2024-09-06T14:34:23.307Z - Handled REQUEST_PROJECT_GRAPH. Handling time: 2. Response time: 5.
[NX Daemon Server] - 2024-09-06T14:34:23.451Z - [REQUEST]: Responding to the client. handleHashTasks
[NX Daemon Server] - 2024-09-06T14:34:23.452Z - Done responding to the client handleHashTasks
[NX Daemon Server] - 2024-09-06T14:34:23.452Z - Handled HASH_TASKS. Handling time: 20. Response time: 1.
[NX Daemon Server] - 2024-09-06T14:34:41.751Z - [WATCHER]: Processing file changes in outputs
[NX Daemon Server] - 2024-09-06T14:34:42.796Z - [REQUEST]: Responding to the client. recordOutputsHash
[NX Daemon Server] - 2024-09-06T14:34:42.796Z - Done responding to the client recordOutputsHash
[NX Daemon Server] - 2024-09-06T14:34:42.796Z - Handled RECORD_OUTPUTS_HASH. Handling time: 0. Response time: 0.
[NX Daemon Server] - 2024-09-06T14:34:51.561Z - [REQUEST]: Responding to the client. recordOutputsHash
[NX Daemon Server] - 2024-09-06T14:34:51.562Z - Done responding to the client recordOutputsHash
[NX Daemon Server] - 2024-09-06T14:34:51.562Z - Handled RECORD_OUTPUTS_HASH. Handling time: 0. Response time: 1.
[NX Daemon Server] - 2024-09-06T14:34:53.161Z - [REQUEST]: Responding to the client. PROCESS_IN_BACKGROUND
[NX Daemon Server] - 2024-09-06T14:34:53.164Z - Done responding to the client PROCESS_IN_BACKGROUND
[NX Daemon Server] - 2024-09-06T14:34:53.165Z - Handled PROCESS_IN_BACKGROUND. Handling time: 1325. Response time: 4.
[NX Daemon Server] - 2024-09-06T14:34:53.165Z - Uploading file artifacts
[NX Daemon Server] - 2024-09-06T14:34:53.225Z - Closed a connection. Number of open connections: 0
[NX Daemon Server] - 2024-09-06T14:34:55.075Z - Done uploading file artifacts
[NX Daemon Server] - 2024-09-06T14:34:55.075Z - Sending EndRun request
[NX Daemon Server] - 2024-09-06T14:34:55.591Z - Done sending EndRun request
